DEBUG:PIL.PngImagePlugin:STREAM b'IHDR' 16 13
DEBUG:PIL.PngImagePlugin:STREAM b'sRGB' 41 1
DEBUG:PIL.PngImagePlugin:STREAM b'gAMA' 54 4
DEBUG:PIL.PngImagePlugin:STREAM b'pHYs' 70 9
DEBUG:PIL.PngImagePlugin:STREAM b'tEXt' 91 33
DEBUG:PIL.PngImagePlugin:STREAM b'IDAT' 136 1033
DEBUG:PIL.PngImagePlugin:STREAM b'IHDR' 16 13
DEBUG:PIL.PngImagePlugin:STREAM b'sRGB' 41 1
DEBUG:PIL.PngImagePlugin:STREAM b'gAMA' 54 4
DEBUG:PIL.PngImagePlugin:STREAM b'pHYs' 70 9
DEBUG:PIL.PngImagePlugin:STREAM b'tEXt' 91 33
DEBUG:PIL.PngImagePlugin:STREAM b'IDAT' 136 1033
DEBUG:PIL.PngImagePlugin:STREAM b'IHDR' 16 13
DEBUG:PIL.PngImagePlugin:STREAM b'sRGB' 41 1
DEBUG:PIL.PngImagePlugin:STREAM b'gAMA' 54 4
DEBUG:PIL.PngImagePlugin:STREAM b'pHYs' 70 9
DEBUG:PIL.PngImagePlugin:STREAM b'tEXt' 91 33
DEBUG:PIL.PngImagePlugin:STREAM b'IDAT' 136 1033
DEBUG:PIL.PngImagePlugin:STREAM b'IHDR' 16 13
DEBUG:PIL.PngImagePlugin:STREAM b'sRGB' 41 1
DEBUG:PIL.PngImagePlugin:STREAM b'gAMA' 54 4
DEBUG:PIL.PngImagePlugin:STREAM b'pHYs' 70 9
DEBUG:PIL.PngImagePlugin:STREAM b'IDAT' 91 701
INFO:root:Starting SMTP server...
ERROR:root:Failed!
Traceback (most recent call last):
  File "C:/Users/Maryam/Documents/GitHub/Volkswagen/main_code/Case_1/version2.py", line 251, in start_mail_server
    server.login('**************', '************')
  File "C:\Users\Maryam\AppData\Local\Programs\Python\Python36-32\lib\smtplib.py", line 730, in login
    raise last_exception
  File "C:\Users\Maryam\AppData\Local\Programs\Python\Python36-32\lib\smtplib.py", line 721, in login
    initial_response_ok=initial_response_ok)
  File "C:\Users\Maryam\AppData\Local\Programs\Python\Python36-32\lib\smtplib.py", line 642, in auth
    raise SMTPAuthenticationError(code, resp)
smtplib.SMTPAuthenticationError: (535, b'5.7.8 Username and Password not accepted. Learn more at\n5.7.8  https://support.google.com/mail/?p=BadCredentials u18sm8349777iom.15 - gsmtp')
DEBUG:PIL.PngImagePlugin:STREAM b'IHDR' 16 13
DEBUG:PIL.PngImagePlugin:STREAM b'sRGB' 41 1
DEBUG:PIL.PngImagePlugin:STREAM b'gAMA' 54 4
DEBUG:PIL.PngImagePlugin:STREAM b'pHYs' 70 9
DEBUG:PIL.PngImagePlugin:STREAM b'tEXt' 91 33
DEBUG:PIL.PngImagePlugin:STREAM b'IDAT' 136 1033
DEBUG:PIL.PngImagePlugin:STREAM b'IHDR' 16 13
DEBUG:PIL.PngImagePlugin:STREAM b'sRGB' 41 1
DEBUG:PIL.PngImagePlugin:STREAM b'gAMA' 54 4
DEBUG:PIL.PngImagePlugin:STREAM b'pHYs' 70 9
DEBUG:PIL.PngImagePlugin:STREAM b'tEXt' 91 33
DEBUG:PIL.PngImagePlugin:STREAM b'IDAT' 136 1033
DEBUG:PIL.PngImagePlugin:STREAM b'IHDR' 16 13
DEBUG:PIL.PngImagePlugin:STREAM b'sRGB' 41 1
DEBUG:PIL.PngImagePlugin:STREAM b'gAMA' 54 4
DEBUG:PIL.PngImagePlugin:STREAM b'pHYs' 70 9
DEBUG:PIL.PngImagePlugin:STREAM b'IDAT' 91 701
INFO:root:Starting SMTP server...
DEBUG:PIL.PngImagePlugin:STREAM b'IHDR' 16 13
DEBUG:PIL.PngImagePlugin:STREAM b'sRGB' 41 1
DEBUG:PIL.PngImagePlugin:STREAM b'gAMA' 54 4
DEBUG:PIL.PngImagePlugin:STREAM b'pHYs' 70 9
DEBUG:PIL.PngImagePlugin:STREAM b'tEXt' 91 33
DEBUG:PIL.PngImagePlugin:STREAM b'IDAT' 136 1033
DEBUG:PIL.PngImagePlugin:STREAM b'IHDR' 16 13
DEBUG:PIL.PngImagePlugin:STREAM b'sRGB' 41 1
DEBUG:PIL.PngImagePlugin:STREAM b'gAMA' 54 4
DEBUG:PIL.PngImagePlugin:STREAM b'pHYs' 70 9
DEBUG:PIL.PngImagePlugin:STREAM b'tEXt' 91 33
DEBUG:PIL.PngImagePlugin:STREAM b'IDAT' 136 1033
DEBUG:PIL.PngImagePlugin:STREAM b'IHDR' 16 13
DEBUG:PIL.PngImagePlugin:STREAM b'sRGB' 41 1
DEBUG:PIL.PngImagePlugin:STREAM b'gAMA' 54 4
DEBUG:PIL.PngImagePlugin:STREAM b'pHYs' 70 9
DEBUG:PIL.PngImagePlugin:STREAM b'IDAT' 91 701
INFO:root:Starting SMTP server...
DEBUG:PIL.PngImagePlugin:STREAM b'IHDR' 16 13
DEBUG:PIL.PngImagePlugin:STREAM b'sRGB' 41 1
DEBUG:PIL.PngImagePlugin:STREAM b'gAMA' 54 4
DEBUG:PIL.PngImagePlugin:STREAM b'pHYs' 70 9
DEBUG:PIL.PngImagePlugin:STREAM b'tEXt' 91 33
DEBUG:PIL.PngImagePlugin:STREAM b'IDAT' 136 1033
DEBUG:PIL.PngImagePlugin:STREAM b'IHDR' 16 13
DEBUG:PIL.PngImagePlugin:STREAM b'sRGB' 41 1
DEBUG:PIL.PngImagePlugin:STREAM b'gAMA' 54 4
DEBUG:PIL.PngImagePlugin:STREAM b'pHYs' 70 9
DEBUG:PIL.PngImagePlugin:STREAM b'IDAT' 91 701
INFO:root:Starting SMTP server...
DEBUG:PIL.PngImagePlugin:STREAM b'IHDR' 16 13
DEBUG:PIL.PngImagePlugin:STREAM b'sRGB' 41 1
DEBUG:PIL.PngImagePlugin:STREAM b'gAMA' 54 4
DEBUG:PIL.PngImagePlugin:STREAM b'pHYs' 70 9
DEBUG:PIL.PngImagePlugin:STREAM b'tEXt' 91 33
DEBUG:PIL.PngImagePlugin:STREAM b'IDAT' 136 1033
DEBUG:PIL.PngImagePlugin:STREAM b'IHDR' 16 13
DEBUG:PIL.PngImagePlugin:STREAM b'sRGB' 41 1
DEBUG:PIL.PngImagePlugin:STREAM b'gAMA' 54 4
DEBUG:PIL.PngImagePlugin:STREAM b'pHYs' 70 9
DEBUG:PIL.PngImagePlugin:STREAM b'IDAT' 91 701
INFO:root:Starting SMTP server...
DEBUG:PIL.PngImagePlugin:STREAM b'IHDR' 16 13
DEBUG:PIL.PngImagePlugin:STREAM b'sRGB' 41 1
DEBUG:PIL.PngImagePlugin:STREAM b'gAMA' 54 4
DEBUG:PIL.PngImagePlugin:STREAM b'pHYs' 70 9
DEBUG:PIL.PngImagePlugin:STREAM b'tEXt' 91 33
DEBUG:PIL.PngImagePlugin:STREAM b'IDAT' 136 1033
DEBUG:PIL.PngImagePlugin:STREAM b'IHDR' 16 13
DEBUG:PIL.PngImagePlugin:STREAM b'sRGB' 41 1
DEBUG:PIL.PngImagePlugin:STREAM b'gAMA' 54 4
DEBUG:PIL.PngImagePlugin:STREAM b'pHYs' 70 9
DEBUG:PIL.PngImagePlugin:STREAM b'IDAT' 91 701
INFO:root:Starting SMTP server...
DEBUG:PIL.PngImagePlugin:STREAM b'IHDR' 16 13
DEBUG:PIL.PngImagePlugin:STREAM b'sRGB' 41 1
DEBUG:PIL.PngImagePlugin:STREAM b'gAMA' 54 4
DEBUG:PIL.PngImagePlugin:STREAM b'pHYs' 70 9
DEBUG:PIL.PngImagePlugin:STREAM b'tEXt' 91 33
DEBUG:PIL.PngImagePlugin:STREAM b'IDAT' 136 1033
DEBUG:PIL.PngImagePlugin:STREAM b'IHDR' 16 13
DEBUG:PIL.PngImagePlugin:STREAM b'sRGB' 41 1
DEBUG:PIL.PngImagePlugin:STREAM b'gAMA' 54 4
DEBUG:PIL.PngImagePlugin:STREAM b'pHYs' 70 9
DEBUG:PIL.PngImagePlugin:STREAM b'tEXt' 91 33
DEBUG:PIL.PngImagePlugin:STREAM b'IDAT' 136 1033
DEBUG:PIL.PngImagePlugin:STREAM b'IHDR' 16 13
DEBUG:PIL.PngImagePlugin:STREAM b'sRGB' 41 1
DEBUG:PIL.PngImagePlugin:STREAM b'gAMA' 54 4
DEBUG:PIL.PngImagePlugin:STREAM b'pHYs' 70 9
DEBUG:PIL.PngImagePlugin:STREAM b'IDAT' 91 701
INFO:root:Starting SMTP server...
DEBUG:PIL.PngImagePlugin:STREAM b'IHDR' 16 13
DEBUG:PIL.PngImagePlugin:STREAM b'sRGB' 41 1
DEBUG:PIL.PngImagePlugin:STREAM b'gAMA' 54 4
DEBUG:PIL.PngImagePlugin:STREAM b'pHYs' 70 9
DEBUG:PIL.PngImagePlugin:STREAM b'tEXt' 91 33
DEBUG:PIL.PngImagePlugin:STREAM b'IDAT' 136 1033
DEBUG:PIL.PngImagePlugin:STREAM b'IHDR' 16 13
DEBUG:PIL.PngImagePlugin:STREAM b'sRGB' 41 1
DEBUG:PIL.PngImagePlugin:STREAM b'gAMA' 54 4
DEBUG:PIL.PngImagePlugin:STREAM b'pHYs' 70 9
DEBUG:PIL.PngImagePlugin:STREAM b'IDAT' 91 701
INFO:root:Starting SMTP server...
DEBUG:PIL.PngImagePlugin:STREAM b'IHDR' 16 13
DEBUG:PIL.PngImagePlugin:STREAM b'sRGB' 41 1
DEBUG:PIL.PngImagePlugin:STREAM b'gAMA' 54 4
DEBUG:PIL.PngImagePlugin:STREAM b'pHYs' 70 9
DEBUG:PIL.PngImagePlugin:STREAM b'tEXt' 91 33
DEBUG:PIL.PngImagePlugin:STREAM b'IDAT' 136 1033
DEBUG:PIL.PngImagePlugin:STREAM b'IHDR' 16 13
DEBUG:PIL.PngImagePlugin:STREAM b'sRGB' 41 1
DEBUG:PIL.PngImagePlugin:STREAM b'gAMA' 54 4
DEBUG:PIL.PngImagePlugin:STREAM b'pHYs' 70 9
DEBUG:PIL.PngImagePlugin:STREAM b'IDAT' 91 701
INFO:root:Starting SMTP server...
DEBUG:PIL.PngImagePlugin:STREAM b'IHDR' 16 13
DEBUG:PIL.PngImagePlugin:STREAM b'sRGB' 41 1
DEBUG:PIL.PngImagePlugin:STREAM b'gAMA' 54 4
DEBUG:PIL.PngImagePlugin:STREAM b'pHYs' 70 9
DEBUG:PIL.PngImagePlugin:STREAM b'tEXt' 91 33
DEBUG:PIL.PngImagePlugin:STREAM b'IDAT' 136 1033
DEBUG:PIL.PngImagePlugin:STREAM b'IHDR' 16 13
DEBUG:PIL.PngImagePlugin:STREAM b'sRGB' 41 1
DEBUG:PIL.PngImagePlugin:STREAM b'gAMA' 54 4
DEBUG:PIL.PngImagePlugin:STREAM b'pHYs' 70 9
DEBUG:PIL.PngImagePlugin:STREAM b'IDAT' 91 701
INFO:root:Starting SMTP server...
DEBUG:PIL.PngImagePlugin:STREAM b'IHDR' 16 13
DEBUG:PIL.PngImagePlugin:STREAM b'sRGB' 41 1
DEBUG:PIL.PngImagePlugin:STREAM b'gAMA' 54 4
DEBUG:PIL.PngImagePlugin:STREAM b'pHYs' 70 9
DEBUG:PIL.PngImagePlugin:STREAM b'tEXt' 91 33
DEBUG:PIL.PngImagePlugin:STREAM b'IDAT' 136 1033
DEBUG:PIL.PngImagePlugin:STREAM b'IHDR' 16 13
DEBUG:PIL.PngImagePlugin:STREAM b'sRGB' 41 1
DEBUG:PIL.PngImagePlugin:STREAM b'gAMA' 54 4
DEBUG:PIL.PngImagePlugin:STREAM b'pHYs' 70 9
DEBUG:PIL.PngImagePlugin:STREAM b'IDAT' 91 701
INFO:root:Starting SMTP server...
DEBUG:PIL.PngImagePlugin:STREAM b'IHDR' 16 13
DEBUG:PIL.PngImagePlugin:STREAM b'sRGB' 41 1
DEBUG:PIL.PngImagePlugin:STREAM b'gAMA' 54 4
DEBUG:PIL.PngImagePlugin:STREAM b'pHYs' 70 9
DEBUG:PIL.PngImagePlugin:STREAM b'tEXt' 91 33
DEBUG:PIL.PngImagePlugin:STREAM b'IDAT' 136 1033
DEBUG:PIL.PngImagePlugin:STREAM b'IHDR' 16 13
DEBUG:PIL.PngImagePlugin:STREAM b'sRGB' 41 1
DEBUG:PIL.PngImagePlugin:STREAM b'gAMA' 54 4
DEBUG:PIL.PngImagePlugin:STREAM b'pHYs' 70 9
DEBUG:PIL.PngImagePlugin:STREAM b'IDAT' 91 701
INFO:root:Starting SMTP server...
DEBUG:PIL.PngImagePlugin:STREAM b'IHDR' 16 13
DEBUG:PIL.PngImagePlugin:STREAM b'sRGB' 41 1
DEBUG:PIL.PngImagePlugin:STREAM b'gAMA' 54 4
DEBUG:PIL.PngImagePlugin:STREAM b'pHYs' 70 9
DEBUG:PIL.PngImagePlugin:STREAM b'tEXt' 91 33
DEBUG:PIL.PngImagePlugin:STREAM b'IDAT' 136 1033
DEBUG:PIL.PngImagePlugin:STREAM b'IHDR' 16 13
DEBUG:PIL.PngImagePlugin:STREAM b'sRGB' 41 1
DEBUG:PIL.PngImagePlugin:STREAM b'gAMA' 54 4
DEBUG:PIL.PngImagePlugin:STREAM b'pHYs' 70 9
DEBUG:PIL.PngImagePlugin:STREAM b'IDAT' 91 701
INFO:root:Starting SMTP server...
DEBUG:PIL.PngImagePlugin:STREAM b'IHDR' 16 13
DEBUG:PIL.PngImagePlugin:STREAM b'sRGB' 41 1
DEBUG:PIL.PngImagePlugin:STREAM b'gAMA' 54 4
DEBUG:PIL.PngImagePlugin:STREAM b'pHYs' 70 9
DEBUG:PIL.PngImagePlugin:STREAM b'tEXt' 91 33
DEBUG:PIL.PngImagePlugin:STREAM b'IDAT' 136 1033
DEBUG:PIL.PngImagePlugin:STREAM b'IHDR' 16 13
DEBUG:PIL.PngImagePlugin:STREAM b'sRGB' 41 1
DEBUG:PIL.PngImagePlugin:STREAM b'gAMA' 54 4
DEBUG:PIL.PngImagePlugin:STREAM b'pHYs' 70 9
DEBUG:PIL.PngImagePlugin:STREAM b'IDAT' 91 701
INFO:root:Starting SMTP server...
DEBUG:PIL.PngImagePlugin:STREAM b'IHDR' 16 13
DEBUG:PIL.PngImagePlugin:STREAM b'sRGB' 41 1
DEBUG:PIL.PngImagePlugin:STREAM b'gAMA' 54 4
DEBUG:PIL.PngImagePlugin:STREAM b'pHYs' 70 9
DEBUG:PIL.PngImagePlugin:STREAM b'tEXt' 91 33
DEBUG:PIL.PngImagePlugin:STREAM b'IDAT' 136 1033
DEBUG:PIL.PngImagePlugin:STREAM b'IHDR' 16 13
DEBUG:PIL.PngImagePlugin:STREAM b'sRGB' 41 1
DEBUG:PIL.PngImagePlugin:STREAM b'gAMA' 54 4
DEBUG:PIL.PngImagePlugin:STREAM b'pHYs' 70 9
DEBUG:PIL.PngImagePlugin:STREAM b'tEXt' 91 33
DEBUG:PIL.PngImagePlugin:STREAM b'IDAT' 136 1033
DEBUG:PIL.PngImagePlugin:STREAM b'IHDR' 16 13
DEBUG:PIL.PngImagePlugin:STREAM b'sRGB' 41 1
DEBUG:PIL.PngImagePlugin:STREAM b'gAMA' 54 4
DEBUG:PIL.PngImagePlugin:STREAM b'pHYs' 70 9
DEBUG:PIL.PngImagePlugin:STREAM b'IDAT' 91 701
INFO:root:Starting SMTP server...
DEBUG:PIL.PngImagePlugin:STREAM b'IHDR' 16 13
DEBUG:PIL.PngImagePlugin:STREAM b'sRGB' 41 1
DEBUG:PIL.PngImagePlugin:STREAM b'gAMA' 54 4
DEBUG:PIL.PngImagePlugin:STREAM b'pHYs' 70 9
DEBUG:PIL.PngImagePlugin:STREAM b'tEXt' 91 33
DEBUG:PIL.PngImagePlugin:STREAM b'IDAT' 136 1033
DEBUG:PIL.PngImagePlugin:STREAM b'IHDR' 16 13
DEBUG:PIL.PngImagePlugin:STREAM b'sRGB' 41 1
DEBUG:PIL.PngImagePlugin:STREAM b'gAMA' 54 4
DEBUG:PIL.PngImagePlugin:STREAM b'pHYs' 70 9
DEBUG:PIL.PngImagePlugin:STREAM b'IDAT' 91 701
INFO:root:Starting SMTP server...
DEBUG:PIL.PngImagePlugin:STREAM b'IHDR' 16 13
DEBUG:PIL.PngImagePlugin:STREAM b'sRGB' 41 1
DEBUG:PIL.PngImagePlugin:STREAM b'gAMA' 54 4
DEBUG:PIL.PngImagePlugin:STREAM b'pHYs' 70 9
DEBUG:PIL.PngImagePlugin:STREAM b'tEXt' 91 33
DEBUG:PIL.PngImagePlugin:STREAM b'IDAT' 136 1033
DEBUG:PIL.PngImagePlugin:STREAM b'IHDR' 16 13
DEBUG:PIL.PngImagePlugin:STREAM b'sRGB' 41 1
DEBUG:PIL.PngImagePlugin:STREAM b'gAMA' 54 4
DEBUG:PIL.PngImagePlugin:STREAM b'pHYs' 70 9
DEBUG:PIL.PngImagePlugin:STREAM b'IDAT' 91 701
INFO:root:Starting SMTP server...
DEBUG:PIL.PngImagePlugin:STREAM b'IHDR' 16 13
DEBUG:PIL.PngImagePlugin:STREAM b'sRGB' 41 1
DEBUG:PIL.PngImagePlugin:STREAM b'gAMA' 54 4
DEBUG:PIL.PngImagePlugin:STREAM b'pHYs' 70 9
DEBUG:PIL.PngImagePlugin:STREAM b'tEXt' 91 33
DEBUG:PIL.PngImagePlugin:STREAM b'IDAT' 136 1033
DEBUG:PIL.PngImagePlugin:STREAM b'IHDR' 16 13
DEBUG:PIL.PngImagePlugin:STREAM b'sRGB' 41 1
DEBUG:PIL.PngImagePlugin:STREAM b'gAMA' 54 4
DEBUG:PIL.PngImagePlugin:STREAM b'pHYs' 70 9
DEBUG:PIL.PngImagePlugin:STREAM b'IDAT' 91 701
INFO:root:Starting SMTP server...
DEBUG:PIL.PngImagePlugin:STREAM b'IHDR' 16 13
DEBUG:PIL.PngImagePlugin:STREAM b'sRGB' 41 1
DEBUG:PIL.PngImagePlugin:STREAM b'gAMA' 54 4
DEBUG:PIL.PngImagePlugin:STREAM b'pHYs' 70 9
DEBUG:PIL.PngImagePlugin:STREAM b'tEXt' 91 33
DEBUG:PIL.PngImagePlugin:STREAM b'IDAT' 136 1033
DEBUG:PIL.PngImagePlugin:STREAM b'IHDR' 16 13
DEBUG:PIL.PngImagePlugin:STREAM b'sRGB' 41 1
DEBUG:PIL.PngImagePlugin:STREAM b'gAMA' 54 4
DEBUG:PIL.PngImagePlugin:STREAM b'pHYs' 70 9
DEBUG:PIL.PngImagePlugin:STREAM b'IDAT' 91 701
INFO:root:Starting SMTP server...
DEBUG:PIL.PngImagePlugin:STREAM b'IHDR' 16 13
DEBUG:PIL.PngImagePlugin:STREAM b'sRGB' 41 1
DEBUG:PIL.PngImagePlugin:STREAM b'gAMA' 54 4
DEBUG:PIL.PngImagePlugin:STREAM b'pHYs' 70 9
DEBUG:PIL.PngImagePlugin:STREAM b'tEXt' 91 33
DEBUG:PIL.PngImagePlugin:STREAM b'IDAT' 136 1033
DEBUG:PIL.PngImagePlugin:STREAM b'IHDR' 16 13
DEBUG:PIL.PngImagePlugin:STREAM b'sRGB' 41 1
DEBUG:PIL.PngImagePlugin:STREAM b'gAMA' 54 4
DEBUG:PIL.PngImagePlugin:STREAM b'pHYs' 70 9
DEBUG:PIL.PngImagePlugin:STREAM b'IDAT' 91 701
INFO:root:Starting SMTP server...
INFO:root:Sending out emails:
INFO:root:Sending email #1
INFO:root:Sending email #2
INFO:root:Sending email #3
INFO:root:Sending email #4
INFO:root:Sending email #5
INFO:root:Sending email #6
INFO:root:Sending email #7
INFO:root:Sending email #8
INFO:root:Sending email #9
INFO:root:Shutting down SMTP server.
DEBUG:PIL.PngImagePlugin:STREAM b'IHDR' 16 13
DEBUG:PIL.PngImagePlugin:STREAM b'sRGB' 41 1
DEBUG:PIL.PngImagePlugin:STREAM b'gAMA' 54 4
DEBUG:PIL.PngImagePlugin:STREAM b'pHYs' 70 9
DEBUG:PIL.PngImagePlugin:STREAM b'tEXt' 91 33
DEBUG:PIL.PngImagePlugin:STREAM b'IDAT' 136 1033
DEBUG:PIL.PngImagePlugin:STREAM b'IHDR' 16 13
DEBUG:PIL.PngImagePlugin:STREAM b'sRGB' 41 1
DEBUG:PIL.PngImagePlugin:STREAM b'gAMA' 54 4
DEBUG:PIL.PngImagePlugin:STREAM b'pHYs' 70 9
DEBUG:PIL.PngImagePlugin:STREAM b'IDAT' 91 701
INFO:root:Starting SMTP server...
INFO:root:Sending out emails:
INFO:root:Sending email #1
INFO:root:Sending email #2
INFO:root:Sending email #3
INFO:root:Sending email #4
INFO:root:Sending email #5
INFO:root:Sending email #6
INFO:root:Sending email #7
INFO:root:Sending email #8
INFO:root:Sending email #9
INFO:root:Shutting down SMTP server.
